<?xml version="1.0" encoding="UTF-8"?>
<!-- Generated by org.testng.reporters.JUnitXMLReporter -->
<testsuite hostname="mohit-sharma" name="Test" tests="27" failures="0" timestamp="16 Dec 2020 09:01:02 GMT" time="4.102" errors="0">
  <testcase name="@BeforeClass beforeSuite" time="0.0" classname="com.dci.Acumen.E2Escripts.E2E_Acumen">
    <failure type="org.openqa.selenium.SessionNotCreatedException" message="session not created: This version of ChromeDriver only supports Chrome version 85
Build info: version: &amp;apos;3.6.0&amp;apos;, revision: &amp;apos;6fbf3ec767&amp;apos;, time: &amp;apos;2017-09-27T15:28:36.4Z&amp;apos;
System info: host: &amp;apos;MOHIT-SHARMA&amp;apos;, ip: &amp;apos;192.168.3.127&amp;apos;, os.name: &amp;apos;Windows 10&amp;apos;, os.arch: &amp;apos;amd64&amp;apos;, os.version: &amp;apos;10.0&amp;apos;, java.version: &amp;apos;1.8.0_111&amp;apos;
Driver info: driver.version: ChromeDriver
remote stacktrace: Backtrace:
	Ordinal0 [0x00CED383+3134339]
	Ordinal0 [0x00BDA171+2007409]
	Ordinal0 [0x00A7AEE8+569064]
	Ordinal0 [0x00A0139F+70559]
	Ordinal0 [0x009FCC63+52323]
	Ordinal0 [0x00A20DFC+200188]
	Ordinal0 [0x00A20C1D+199709]
	Ordinal0 [0x00A1EB0B+191243]
	Ordinal0 [0x00A02E77+77431]
	Ordinal0 [0x00A03E3E+81470]
	Ordinal0 [0x00A03DC9+81353]
	Ordinal0 [0x00BF0CD9+2100441]
	GetHandleVerifier [0x00E5B75A+1396954]
	GetHandleVerifier [0x00E5B3D9+1396057]
	GetHandleVerifier [0x00E67126+1444518]
	GetHandleVerifier [0x00E5BCE8+1398376]
	Ordinal0 [0x00BE7F51+2064209]
	Ordinal0 [0x00BF22EB+2106091]
	Ordinal0 [0x00BF2411+2106385]
	Ordinal0 [0x00C049C4+2181572]
	BaseThreadInitThunk [0x73D58484+36]
	RtlValidSecurityDescriptor [0x772D2EC0+448]
	RtlValidSecurityDescriptor [0x772D2E90+400]
">
      <![CDATA[org.openqa.selenium.SessionNotCreatedException: session not created: This version of ChromeDriver only supports Chrome version 85
Build info: version: '3.6.0', revision: '6fbf3ec767', time: '2017-09-27T15:28:36.4Z'
System info: host: 'MOHIT-SHARMA', ip: '192.168.3.127', os.name: 'Windows 10', os.arch: 'amd64', os.version: '10.0', java.version: '1.8.0_111'
Driver info: driver.version: ChromeDriver
remote stacktrace: Backtrace:
	Ordinal0 [0x00CED383+3134339]
	Ordinal0 [0x00BDA171+2007409]
	Ordinal0 [0x00A7AEE8+569064]
	Ordinal0 [0x00A0139F+70559]
	Ordinal0 [0x009FCC63+52323]
	Ordinal0 [0x00A20DFC+200188]
	Ordinal0 [0x00A20C1D+199709]
	Ordinal0 [0x00A1EB0B+191243]
	Ordinal0 [0x00A02E77+77431]
	Ordinal0 [0x00A03E3E+81470]
	Ordinal0 [0x00A03DC9+81353]
	Ordinal0 [0x00BF0CD9+2100441]
	GetHandleVerifier [0x00E5B75A+1396954]
	GetHandleVerifier [0x00E5B3D9+1396057]
	GetHandleVerifier [0x00E67126+1444518]
	GetHandleVerifier [0x00E5BCE8+1398376]
	Ordinal0 [0x00BE7F51+2064209]
	Ordinal0 [0x00BF22EB+2106091]
	Ordinal0 [0x00BF2411+2106385]
	Ordinal0 [0x00C049C4+2181572]
	BaseThreadInitThunk [0x73D58484+36]
	RtlValidSecurityDescriptor [0x772D2EC0+448]
	RtlValidSecurityDescriptor [0x772D2E90+400]

	at org.openqa.selenium.remote.W3CHandshakeResponse.lambda$new$0(W3CHandshakeResponse.java:57)
	at org.openqa.selenium.remote.W3CHandshakeResponse.lambda$getResponseFunction$2(W3CHandshakeResponse.java:104)
	at org.openqa.selenium.remote.ProtocolHandshake.lambda$createSession$24(ProtocolHandshake.java:359)
	at java.util.stream.ReferencePipeline$3$1.accept(Unknown Source)
	at java.util.Spliterators$ArraySpliterator.tryAdvance(Unknown Source)
	at java.util.stream.ReferencePipeline.forEachWithCancel(Unknown Source)
	at java.util.stream.AbstractPipeline.copyIntoWithCancel(Unknown Source)
	at java.util.stream.AbstractPipeline.copyInto(Unknown Source)
	at java.util.stream.AbstractPipeline.wrapAndCopyInto(Unknown Source)
	at java.util.stream.FindOps$FindOp.evaluateSequential(Unknown Source)
	at java.util.stream.AbstractPipeline.evaluate(Unknown Source)
	at java.util.stream.ReferencePipeline.findFirst(Unknown Source)
	at org.openqa.selenium.remote.ProtocolHandshake.createSession(ProtocolHandshake.java:362)
	at org.openqa.selenium.remote.ProtocolHandshake.createSession(ProtocolHandshake.java:136)
	at org.openqa.selenium.remote.HttpCommandExecutor.execute(HttpCommandExecutor.java:142)
	at org.openqa.selenium.remote.service.DriverCommandExecutor.execute(DriverCommandExecutor.java:83)
	at org.openqa.selenium.remote.RemoteWebDriver.execute(RemoteWebDriver.java:586)
	at org.openqa.selenium.remote.RemoteWebDriver.startSession(RemoteWebDriver.java:217)
	at org.openqa.selenium.remote.RemoteWebDriver.<init>(RemoteWebDriver.java:140)
	at org.openqa.selenium.chrome.ChromeDriver.<init>(ChromeDriver.java:181)
	at org.openqa.selenium.chrome.ChromeDriver.<init>(ChromeDriver.java:147)
	at com.dci.Acumen.CommonClassesReusable.BrowserSelection.beforeSuite(BrowserSelection.java:126)
... Removed 28 stack frames]]>
    </failure>
  </testcase> <!-- @BeforeClass beforeSuite -->
  <testcase name="@BeforeClass Login" time="0.0" classname="com.dci.Acumen.E2Escripts.E2E_Acumen">
    <skipped/>
  </testcase> <!-- @BeforeClass Login -->
  <testcase name="@BeforeMethod commonPage" time="0.0" classname="com.dci.Acumen.E2Escripts.E2E_Acumen">
    <skipped/>
  </testcase> <!-- @BeforeMethod commonPage -->
  <testcase name="@AfterMethod afterMethod" time="0.0" classname="com.dci.Acumen.E2Escripts.E2E_Acumen">
    <skipped/>
  </testcase> <!-- @AfterMethod afterMethod -->
  <testcase name="@BeforeMethod commonPage" time="0.0" classname="com.dci.Acumen.E2Escripts.E2E_Acumen">
    <skipped/>
  </testcase> <!-- @BeforeMethod commonPage -->
  <testcase name="@AfterMethod afterMethod" time="0.0" classname="com.dci.Acumen.E2Escripts.E2E_Acumen">
    <skipped/>
  </testcase> <!-- @AfterMethod afterMethod -->
  <testcase name="@BeforeMethod commonPage" time="0.0" classname="com.dci.Acumen.E2Escripts.E2E_Acumen">
    <skipped/>
  </testcase> <!-- @BeforeMethod commonPage -->
  <testcase name="@AfterMethod afterMethod" time="0.0" classname="com.dci.Acumen.E2Escripts.E2E_Acumen">
    <skipped/>
  </testcase> <!-- @AfterMethod afterMethod -->
  <testcase name="@BeforeMethod commonPage" time="0.0" classname="com.dci.Acumen.E2Escripts.E2E_Acumen">
    <skipped/>
  </testcase> <!-- @BeforeMethod commonPage -->
  <testcase name="@AfterMethod afterMethod" time="0.0" classname="com.dci.Acumen.E2Escripts.E2E_Acumen">
    <skipped/>
  </testcase> <!-- @AfterMethod afterMethod -->
  <testcase name="@BeforeMethod commonPage" time="0.0" classname="com.dci.Acumen.E2Escripts.E2E_Acumen">
    <skipped/>
  </testcase> <!-- @BeforeMethod commonPage -->
  <testcase name="@AfterMethod afterMethod" time="0.0" classname="com.dci.Acumen.E2Escripts.E2E_Acumen">
    <skipped/>
  </testcase> <!-- @AfterMethod afterMethod -->
  <testcase name="@BeforeMethod commonPage" time="0.0" classname="com.dci.Acumen.E2Escripts.E2E_Acumen">
    <skipped/>
  </testcase> <!-- @BeforeMethod commonPage -->
  <testcase name="@AfterMethod afterMethod" time="0.0" classname="com.dci.Acumen.E2Escripts.E2E_Acumen">
    <skipped/>
  </testcase> <!-- @AfterMethod afterMethod -->
  <testcase name="@BeforeMethod commonPage" time="0.0" classname="com.dci.Acumen.E2Escripts.E2E_Acumen">
    <skipped/>
  </testcase> <!-- @BeforeMethod commonPage -->
  <testcase name="@AfterMethod afterMethod" time="0.0" classname="com.dci.Acumen.E2Escripts.E2E_Acumen">
    <skipped/>
  </testcase> <!-- @AfterMethod afterMethod -->
  <testcase name="@BeforeMethod commonPage" time="0.0" classname="com.dci.Acumen.E2Escripts.E2E_Acumen">
    <skipped/>
  </testcase> <!-- @BeforeMethod commonPage -->
  <testcase name="@AfterMethod afterMethod" time="0.0" classname="com.dci.Acumen.E2Escripts.E2E_Acumen">
    <skipped/>
  </testcase> <!-- @AfterMethod afterMethod -->
  <testcase name="@BeforeMethod commonPage" time="0.0" classname="com.dci.Acumen.E2Escripts.E2E_Acumen">
    <skipped/>
  </testcase> <!-- @BeforeMethod commonPage -->
  <testcase name="@AfterMethod afterMethod" time="0.0" classname="com.dci.Acumen.E2Escripts.E2E_Acumen">
    <skipped/>
  </testcase> <!-- @AfterMethod afterMethod -->
  <testcase name="@BeforeMethod commonPage" time="0.0" classname="com.dci.Acumen.E2Escripts.E2E_Acumen">
    <skipped/>
  </testcase> <!-- @BeforeMethod commonPage -->
  <testcase name="@AfterMethod afterMethod" time="0.0" classname="com.dci.Acumen.E2Escripts.E2E_Acumen">
    <skipped/>
  </testcase> <!-- @AfterMethod afterMethod -->
  <testcase name="@BeforeMethod commonPage" time="0.0" classname="com.dci.Acumen.E2Escripts.E2E_Acumen">
    <skipped/>
  </testcase> <!-- @BeforeMethod commonPage -->
  <testcase name="@AfterMethod afterMethod" time="0.0" classname="com.dci.Acumen.E2Escripts.E2E_Acumen">
    <skipped/>
  </testcase> <!-- @AfterMethod afterMethod -->
  <testcase name="@BeforeMethod commonPage" time="0.0" classname="com.dci.Acumen.E2Escripts.E2E_Acumen">
    <skipped/>
  </testcase> <!-- @BeforeMethod commonPage -->
  <testcase name="@AfterMethod afterMethod" time="0.0" classname="com.dci.Acumen.E2Escripts.E2E_Acumen">
    <skipped/>
  </testcase> <!-- @AfterMethod afterMethod -->
  <testcase name="@BeforeMethod commonPage" time="0.0" classname="com.dci.Acumen.E2Escripts.E2E_Acumen">
    <skipped/>
  </testcase> <!-- @BeforeMethod commonPage -->
  <testcase name="@AfterMethod afterMethod" time="0.0" classname="com.dci.Acumen.E2Escripts.E2E_Acumen">
    <skipped/>
  </testcase> <!-- @AfterMethod afterMethod -->
  <testcase name="@BeforeMethod commonPage" time="0.0" classname="com.dci.Acumen.E2Escripts.E2E_Acumen">
    <skipped/>
  </testcase> <!-- @BeforeMethod commonPage -->
  <testcase name="@AfterMethod afterMethod" time="0.0" classname="com.dci.Acumen.E2Escripts.E2E_Acumen">
    <skipped/>
  </testcase> <!-- @AfterMethod afterMethod -->
  <testcase name="@BeforeMethod commonPage" time="0.0" classname="com.dci.Acumen.E2Escripts.E2E_Acumen">
    <skipped/>
  </testcase> <!-- @BeforeMethod commonPage -->
  <testcase name="@AfterMethod afterMethod" time="0.0" classname="com.dci.Acumen.E2Escripts.E2E_Acumen">
    <skipped/>
  </testcase> <!-- @AfterMethod afterMethod -->
  <testcase name="@BeforeMethod commonPage" time="0.0" classname="com.dci.Acumen.E2Escripts.E2E_Acumen">
    <skipped/>
  </testcase> <!-- @BeforeMethod commonPage -->
  <testcase name="@AfterMethod afterMethod" time="0.0" classname="com.dci.Acumen.E2Escripts.E2E_Acumen">
    <skipped/>
  </testcase> <!-- @AfterMethod afterMethod -->
  <testcase name="@BeforeMethod commonPage" time="0.0" classname="com.dci.Acumen.E2Escripts.E2E_Acumen">
    <skipped/>
  </testcase> <!-- @BeforeMethod commonPage -->
  <testcase name="@AfterMethod afterMethod" time="0.0" classname="com.dci.Acumen.E2Escripts.E2E_Acumen">
    <skipped/>
  </testcase> <!-- @AfterMethod afterMethod -->
  <testcase name="@BeforeMethod commonPage" time="0.0" classname="com.dci.Acumen.E2Escripts.E2E_Acumen">
    <skipped/>
  </testcase> <!-- @BeforeMethod commonPage -->
  <testcase name="@AfterMethod afterMethod" time="0.0" classname="com.dci.Acumen.E2Escripts.E2E_Acumen">
    <skipped/>
  </testcase> <!-- @AfterMethod afterMethod -->
  <testcase name="@BeforeMethod commonPage" time="0.0" classname="com.dci.Acumen.E2Escripts.E2E_Acumen">
    <skipped/>
  </testcase> <!-- @BeforeMethod commonPage -->
  <testcase name="@AfterMethod afterMethod" time="0.0" classname="com.dci.Acumen.E2Escripts.E2E_Acumen">
    <skipped/>
  </testcase> <!-- @AfterMethod afterMethod -->
  <testcase name="@BeforeMethod commonPage" time="0.0" classname="com.dci.Acumen.E2Escripts.E2E_Acumen">
    <skipped/>
  </testcase> <!-- @BeforeMethod commonPage -->
  <testcase name="@AfterMethod afterMethod" time="0.0" classname="com.dci.Acumen.E2Escripts.E2E_Acumen">
    <skipped/>
  </testcase> <!-- @AfterMethod afterMethod -->
  <testcase name="@BeforeMethod commonPage" time="0.0" classname="com.dci.Acumen.E2Escripts.E2E_Acumen">
    <skipped/>
  </testcase> <!-- @BeforeMethod commonPage -->
  <testcase name="@AfterMethod afterMethod" time="0.0" classname="com.dci.Acumen.E2Escripts.E2E_Acumen">
    <skipped/>
  </testcase> <!-- @AfterMethod afterMethod -->
  <testcase name="@BeforeMethod commonPage" time="0.0" classname="com.dci.Acumen.E2Escripts.E2E_Acumen">
    <skipped/>
  </testcase> <!-- @BeforeMethod commonPage -->
  <testcase name="@AfterMethod afterMethod" time="0.0" classname="com.dci.Acumen.E2Escripts.E2E_Acumen">
    <skipped/>
  </testcase> <!-- @AfterMethod afterMethod -->
  <testcase name="@BeforeMethod commonPage" time="0.0" classname="com.dci.Acumen.E2Escripts.E2E_Acumen">
    <skipped/>
  </testcase> <!-- @BeforeMethod commonPage -->
  <testcase name="@AfterMethod afterMethod" time="0.0" classname="com.dci.Acumen.E2Escripts.E2E_Acumen">
    <skipped/>
  </testcase> <!-- @AfterMethod afterMethod -->
  <testcase name="@BeforeMethod commonPage" time="0.0" classname="com.dci.Acumen.E2Escripts.E2E_Acumen">
    <skipped/>
  </testcase> <!-- @BeforeMethod commonPage -->
  <testcase name="@AfterMethod afterMethod" time="0.0" classname="com.dci.Acumen.E2Escripts.E2E_Acumen">
    <skipped/>
  </testcase> <!-- @AfterMethod afterMethod -->
  <testcase name="@BeforeMethod commonPage" time="0.0" classname="com.dci.Acumen.E2Escripts.E2E_Acumen">
    <skipped/>
  </testcase> <!-- @BeforeMethod commonPage -->
  <testcase name="@AfterMethod afterMethod" time="0.0" classname="com.dci.Acumen.E2Escripts.E2E_Acumen">
    <skipped/>
  </testcase> <!-- @AfterMethod afterMethod -->
  <testcase name="@BeforeMethod commonPage" time="0.0" classname="com.dci.Acumen.E2Escripts.E2E_Acumen">
    <skipped/>
  </testcase> <!-- @BeforeMethod commonPage -->
  <testcase name="@AfterMethod afterMethod" time="0.0" classname="com.dci.Acumen.E2Escripts.E2E_Acumen">
    <skipped/>
  </testcase> <!-- @AfterMethod afterMethod -->
  <testcase name="@BeforeMethod commonPage" time="0.0" classname="com.dci.Acumen.E2Escripts.E2E_Acumen">
    <skipped/>
  </testcase> <!-- @BeforeMethod commonPage -->
  <testcase name="@AfterMethod afterMethod" time="0.0" classname="com.dci.Acumen.E2Escripts.E2E_Acumen">
    <skipped/>
  </testcase> <!-- @AfterMethod afterMethod -->
  <testcase name="E2E_TC0001" time="0.001" classname="com.dci.Acumen.E2Escripts.E2E_Acumen">
    <skipped/>
  </testcase> <!-- E2E_TC0001 -->
  <testcase name="E2E_TC0002" time="0.001" classname="com.dci.Acumen.E2Escripts.E2E_Acumen">
    <skipped/>
  </testcase> <!-- E2E_TC0002 -->
  <testcase name="E2E_TC0005" time="0.001" classname="com.dci.Acumen.E2Escripts.E2E_Acumen">
    <skipped/>
  </testcase> <!-- E2E_TC0005 -->
  <testcase name="E2E_TC0006" time="0.002" classname="com.dci.Acumen.E2Escripts.E2E_Acumen">
    <skipped/>
  </testcase> <!-- E2E_TC0006 -->
  <testcase name="E2E_TC0007" time="0.001" classname="com.dci.Acumen.E2Escripts.E2E_Acumen">
    <skipped/>
  </testcase> <!-- E2E_TC0007 -->
  <testcase name="E2E_TC0008" time="0.0" classname="com.dci.Acumen.E2Escripts.E2E_Acumen">
    <skipped/>
  </testcase> <!-- E2E_TC0008 -->
  <testcase name="E2E_TC0009" time="0.001" classname="com.dci.Acumen.E2Escripts.E2E_Acumen">
    <skipped/>
  </testcase> <!-- E2E_TC0009 -->
  <testcase name="E2E_TC0010" time="0.001" classname="com.dci.Acumen.E2Escripts.E2E_Acumen">
    <skipped/>
  </testcase> <!-- E2E_TC0010 -->
  <testcase name="E2E_TC0011" time="0.004" classname="com.dci.Acumen.E2Escripts.E2E_Acumen">
    <skipped/>
  </testcase> <!-- E2E_TC0011 -->
  <testcase name="E2E_TC0012" time="0.001" classname="com.dci.Acumen.E2Escripts.E2E_Acumen">
    <skipped/>
  </testcase> <!-- E2E_TC0012 -->
  <testcase name="E2E_TC0013" time="0.001" classname="com.dci.Acumen.E2Escripts.E2E_Acumen">
    <skipped/>
  </testcase> <!-- E2E_TC0013 -->
  <testcase name="E2E_TC0015" time="0.0" classname="com.dci.Acumen.E2Escripts.E2E_Acumen">
    <skipped/>
  </testcase> <!-- E2E_TC0015 -->
  <testcase name="E2E_TC0016" time="0.0" classname="com.dci.Acumen.E2Escripts.E2E_Acumen">
    <skipped/>
  </testcase> <!-- E2E_TC0016 -->
  <testcase name="E2E_TC0017" time="0.001" classname="com.dci.Acumen.E2Escripts.E2E_Acumen">
    <skipped/>
  </testcase> <!-- E2E_TC0017 -->
  <testcase name="E2E_TC0018" time="0.0" classname="com.dci.Acumen.E2Escripts.E2E_Acumen">
    <skipped/>
  </testcase> <!-- E2E_TC0018 -->
  <testcase name="E2E_TC0019" time="0.002" classname="com.dci.Acumen.E2Escripts.E2E_Acumen">
    <skipped/>
  </testcase> <!-- E2E_TC0019 -->
  <testcase name="E2E_TC0020" time="0.001" classname="com.dci.Acumen.E2Escripts.E2E_Acumen">
    <skipped/>
  </testcase> <!-- E2E_TC0020 -->
  <testcase name="E2E_TC0021" time="0.004" classname="com.dci.Acumen.E2Escripts.E2E_Acumen">
    <skipped/>
  </testcase> <!-- E2E_TC0021 -->
  <testcase name="E2E_TC0024" time="0.003" classname="com.dci.Acumen.E2Escripts.E2E_Acumen">
    <skipped/>
  </testcase> <!-- E2E_TC0024 -->
  <testcase name="E2E_TC0025" time="0.001" classname="com.dci.Acumen.E2Escripts.E2E_Acumen">
    <skipped/>
  </testcase> <!-- E2E_TC0025 -->
  <testcase name="E2E_TC0026" time="0.001" classname="com.dci.Acumen.E2Escripts.E2E_Acumen">
    <skipped/>
  </testcase> <!-- E2E_TC0026 -->
  <testcase name="E2E_TC0028" time="0.001" classname="com.dci.Acumen.E2Escripts.E2E_Acumen">
    <skipped/>
  </testcase> <!-- E2E_TC0028 -->
  <testcase name="E2E_TC0029" time="0.001" classname="com.dci.Acumen.E2Escripts.E2E_Acumen">
    <skipped/>
  </testcase> <!-- E2E_TC0029 -->
  <testcase name="E2E_TC0023" time="0.001" classname="com.dci.Acumen.E2Escripts.E2E_Acumen">
    <skipped/>
  </testcase> <!-- E2E_TC0023 -->
  <testcase name="E2E_TC0022" time="0.002" classname="com.dci.Acumen.E2Escripts.E2E_Acumen">
    <skipped/>
  </testcase> <!-- E2E_TC0022 -->
  <testcase name="E2E_TC0003" time="0.001" classname="com.dci.Acumen.E2Escripts.E2E_Acumen">
    <skipped/>
  </testcase> <!-- E2E_TC0003 -->
  <testcase name="E2E_TC0004" time="0.001" classname="com.dci.Acumen.E2Escripts.E2E_Acumen">
    <skipped/>
  </testcase> <!-- E2E_TC0004 -->
</testsuite> <!-- Test -->
