<?xml version="1.0" encoding="UTF-8"?>
<testng-results skipped="0" failed="0" total="1" passed="1">
  <reporter-output>
  </reporter-output>
  <suite name="Default suite" duration-ms="91823" started-at="2022-09-05T15:05:02Z" finished-at="2022-09-05T15:06:34Z">
    <groups>
    </groups>
    <test name="Default test" duration-ms="91823" started-at="2022-09-05T15:05:02Z" finished-at="2022-09-05T15:06:34Z">
      <class name="undostres.Unostres">
        <test-method status="PASS" signature="beforeSuite()[pri:0, instance:undostres.Unostres@462d5aee]" name="beforeSuite" is-config="true" duration-ms="2228" started-at="2022-09-05T20:35:02Z" finished-at="2022-09-05T20:35:05Z">
          <reporter-output>
          </reporter-output>
        </test-method> <!-- beforeSuite -->
        <test-method status="PASS" signature="Login()[pri:0, instance:undostres.Unostres@462d5aee]" name="Login" is-config="true" duration-ms="0" started-at="2022-09-05T20:35:05Z" finished-at="2022-09-05T20:35:05Z">
          <reporter-output>
          </reporter-output>
        </test-method> <!-- Login -->
        <test-method status="PASS" signature="commonPage(java.lang.reflect.Method)[pri:0, instance:undostres.Unostres@462d5aee]" name="commonPage" is-config="true" duration-ms="24" started-at="2022-09-05T20:35:05Z" finished-at="2022-09-05T20:35:05Z">
          <params>
            <param index="0">
              <value>
                <![CDATA[public void undostres.Unostres.E2E_TC0002() throws java.lang.Throwable]]>
              </value>
            </param>
          </params>
          <reporter-output>
          </reporter-output>
        </test-method> <!-- commonPage -->
        <test-method status="PASS" signature="E2E_TC0002()[pri:0, instance:undostres.Unostres@462d5aee]" name="E2E_TC0002" duration-ms="88873" started-at="2022-09-05T20:35:05Z" finished-at="2022-09-05T20:36:34Z">
          <reporter-output>
          </reporter-output>
        </test-method> <!-- E2E_TC0002 -->
        <test-method status="PASS" signature="afterMethod(org.testng.ITestResult)[pri:0, instance:undostres.Unostres@462d5aee]" name="afterMethod" is-config="true" duration-ms="685" started-at="2022-09-05T20:36:34Z" finished-at="2022-09-05T20:36:34Z">
          <params>
            <param index="0">
              <value>
                <![CDATA[[TestResult name=E2E_TC0002 status=SUCCESS method=Unostres.E2E_TC0002()[pri:0, instance:undostres.Unostres@462d5aee] output={null}]]]>
              </value>
            </param>
          </params>
          <reporter-output>
          </reporter-output>
        </test-method> <!-- afterMethod -->
        <test-method status="PASS" signature="quitDriver()[pri:0, instance:undostres.Unostres@462d5aee]" name="quitDriver" is-config="true" duration-ms="1337" started-at="2022-09-05T20:36:34Z" finished-at="2022-09-05T20:36:36Z">
          <reporter-output>
          </reporter-output>
        </test-method> <!-- quitDriver -->
      </class> <!-- undostres.Unostres -->
    </test> <!-- Default test -->
  </suite> <!-- Default suite -->
</testng-results>
